<?xml version="1.0" encoding="UTF-8"?>
<!-- Generated by org.testng.reporters.JUnitReportReporter -->
<testsuite hostname="DESKTOP-7SNL7GR" failures="0" tests="1" name="com.TestYantra.Test0" time="0.014" errors="0" timestamp="2022-11-23T16:05:24 IST" skipped="0">
  <testcase classname="com.TestYantra.Test0" name="demo" time="0.014"/>
  <system-out/>
</testsuite> <!-- com.TestYantra.Test0 -->
